<?xml version="1.0" encoding="UTF-8"?>
<!-- Generated by org.testng.reporters.JUnitReportReporter -->
<testsuite hostname="Sukirtis-MacBook-Pro.local" name="trial.NewTest" tests="1" failures="0" timestamp="11 Mar 2019 07:07:44 GMT" time="0.004" errors="0">
  <testcase name="f" time="0.004" classname="trial.NewTest"/>
</testsuite> <!-- trial.NewTest -->
