<?xml version="1.0" encoding="UTF-8"?>
<!-- Generated by org.testng.reporters.JUnitReportReporter -->
<testsuite name="TestAutomationMain.EBayTestMain" tests="1" time="59.567" ignored="0" failures="0" timestamp="11 Mar 2019 15:40:27 GMT" skipped="0" hostname="Sukirtis-MacBook-Pro.local" errors="0">
  <testcase name="execution" time="59.567" classname="TestAutomationMain.EBayTestMain"/>
</testsuite> <!-- TestAutomationMain.EBayTestMain -->
